Loading data from data
Loaded 101110 waveform pairs
Data splits: train=80888, val=10111, test=10111

============================================================
Training Configuration
============================================================
Device: cuda
Model parameters: 2,050,210
Training samples: 80888
Validation samples: 10111
Batch size: 32
Learning rate: 0.0001
Epochs: 100
============================================================

Epoch 1/100 (217.4s)
  Train Loss: 256.3647 (count=7.3367, shape=0.5422, zero=0.9250, fhd=0.0000, vcr=418.3908, emd=0.0000, peak alignment=0.0000)
  Val Loss:   213.8981 (count=4.3640, shape=0.5058, zero=0.8995, fhd=0.0000, vcr=418.3908, emd=0.0000, peak alignment=0.0000)
  Val Metrics: Corr=0.1400, R²=-0.1754, RMSE=28.94, ZeroAcc=63.14%m
  ★ New best model!

Epoch 2/100 (210.7s)
  Train Loss: 164.5149 (count=4.6375, shape=0.4911, zero=1.0428, fhd=0.0000, vcr=268.0503, emd=0.0000, peak alignment=0.0000)
  Val Loss:   183.6359 (count=4.2333, shape=0.4872, zero=0.9423, fhd=0.0000, vcr=268.0503, emd=0.0000, peak alignment=0.0000)
  Val Metrics: Corr=0.1837, R²=-0.1605, RMSE=28.76, ZeroAcc=47.66%m
  ★ New best model!

Epoch 3/100 (210.6s)
  Train Loss: 150.1662 (count=4.3657, shape=0.4668, zero=1.0615, fhd=0.0000, vcr=244.4470, emd=0.0000, peak alignment=0.0000)
  Val Loss:   165.9804 (count=4.0946, shape=0.4692, zero=0.9336, fhd=0.0000, vcr=244.4470, emd=0.0000, peak alignment=0.0000)
  Val Metrics: Corr=0.1876, R²=-0.1582, RMSE=28.73, ZeroAcc=46.69%m
  ★ New best model!

Epoch 4/100 (211.8s)
  Train Loss: 142.2346 (count=4.2355, shape=0.4521, zero=1.0423, fhd=0.0000, vcr=231.3969, emd=0.0000, peak alignment=0.0000)
  Val Loss:   164.5711 (count=4.0299, shape=0.4635, zero=0.9292, fhd=0.0000, vcr=231.3969, emd=0.0000, peak alignment=0.0000)
  Val Metrics: Corr=0.1918, R²=-0.1487, RMSE=28.61, ZeroAcc=52.55%m
  ★ New best model!

Epoch 5/100 (210.7s)
  Train Loss: 138.0289 (count=4.1509, shape=0.4428, zero=0.9739, fhd=0.0000, vcr=224.5246, emd=0.0000, peak alignment=0.0000)
  Val Loss:   169.1443 (count=3.9701, shape=0.4362, zero=0.8622, fhd=0.0000, vcr=224.5246, emd=0.0000, peak alignment=0.0000)
  Val Metrics: Corr=0.2249, R²=-0.1308, RMSE=28.39, ZeroAcc=54.07%m
  ★ New best model!

Epoch 6/100 (210.6s)
  Train Loss: 135.3782 (count=4.0886, shape=0.4347, zero=0.9479, fhd=0.0000, vcr=220.1983, emd=0.0000, peak alignment=0.0000)
  Val Loss:   153.9046 (count=4.0106, shape=0.4519, zero=0.8566, fhd=0.0000, vcr=220.1983, emd=0.0000, peak alignment=0.0000)
  Val Metrics: Corr=0.2125, R²=-0.1527, RMSE=28.66, ZeroAcc=43.48%m

Epoch 7/100 (210.7s)
  Train Loss: 132.3991 (count=4.0343, shape=0.4219, zero=0.9121, fhd=0.0000, vcr=215.3310, emd=0.0000, peak alignment=0.0000)
  Val Loss:   140.8003 (count=3.8339, shape=0.4051, zero=0.8492, fhd=0.0000, vcr=215.3310, emd=0.0000, peak alignment=0.0000)
  Val Metrics: Corr=0.2727, R²=-0.1136, RMSE=28.17, ZeroAcc=45.78%m
  ★ New best model!

Epoch 8/100 (210.5s)
  Train Loss: 131.0783 (count=3.9914, shape=0.4156, zero=0.8803, fhd=0.0000, vcr=213.2012, emd=0.0000, peak alignment=0.0000)
  Val Loss:   150.1192 (count=3.8415, shape=0.4048, zero=0.8318, fhd=0.0000, vcr=213.2012, emd=0.0000, peak alignment=0.0000)
  Val Metrics: Corr=0.2720, R²=-0.1193, RMSE=28.24, ZeroAcc=51.96%m

Epoch 9/100 (215.2s)
  Train Loss: 129.5753 (count=3.9857, shape=0.4137, zero=0.8160, fhd=0.0000, vcr=210.7378, emd=0.0000, peak alignment=0.0000)
  Val Loss:   151.4429 (count=3.9242, shape=0.4087, zero=0.6669, fhd=0.0000, vcr=210.7378, emd=0.0000, peak alignment=0.0000)
  Val Metrics: Corr=0.2739, R²=-0.1360, RMSE=28.45, ZeroAcc=61.39%m
  ★ New best model!

Epoch 10/100 (210.9s)
  Train Loss: 127.1013 (count=3.9629, shape=0.4047, zero=0.7915, fhd=0.0000, vcr=206.6675, emd=0.0000, peak alignment=0.0000)
  Val Loss:   146.1673 (count=3.8303, shape=0.3809, zero=0.7933, fhd=0.0000, vcr=206.6675, emd=0.0000, peak alignment=0.0000)
  Val Metrics: Corr=0.3057, R²=-0.1219, RMSE=28.27, ZeroAcc=47.69%m
  ★ New best model!

Epoch 11/100 (210.6s)
  Train Loss: 125.8080 (count=3.9565, shape=0.3953, zero=0.7554, fhd=0.0000, vcr=204.5551, emd=0.0000, peak alignment=0.0000)
  Val Loss:   142.4450 (count=3.8686, shape=0.3918, zero=0.7464, fhd=0.0000, vcr=204.5551, emd=0.0000, peak alignment=0.0000)
  Val Metrics: Corr=0.2915, R²=-0.1269, RMSE=28.34, ZeroAcc=56.29%m

Epoch 12/100 (210.9s)
  Train Loss: 123.7496 (count=3.9385, shape=0.3907, zero=0.7267, fhd=0.0000, vcr=201.1659, emd=0.0000, peak alignment=0.0000)
  Val Loss:   141.5146 (count=3.8956, shape=0.3891, zero=0.6696, fhd=0.0000, vcr=201.1659, emd=0.0000, peak alignment=0.0000)
  Val Metrics: Corr=0.2996, R²=-0.1302, RMSE=28.38, ZeroAcc=61.54%m

Epoch 13/100 (210.8s)
  Train Loss: 122.8234 (count=3.9374, shape=0.3886, zero=0.6944, fhd=0.0000, vcr=199.6438, emd=0.0000, peak alignment=0.0000)
  Val Loss:   143.5147 (count=3.8876, shape=0.3885, zero=0.5823, fhd=0.0000, vcr=199.6438, emd=0.0000, peak alignment=0.0000)
  Val Metrics: Corr=0.3006, R²=-0.1250, RMSE=28.31, ZeroAcc=67.99%m

Epoch 14/100 (211.5s)
  Train Loss: 121.1247 (count=3.9289, shape=0.3806, zero=0.6775, fhd=0.0000, vcr=196.8458, emd=0.0000, peak alignment=0.0000)
  Val Loss:   142.1424 (count=3.8985, shape=0.3766, zero=0.6156, fhd=0.0000, vcr=196.8458, emd=0.0000, peak alignment=0.0000)
  Val Metrics: Corr=0.3179, R²=-0.1225, RMSE=28.28, ZeroAcc=66.66%m
  ★ New best model!

Epoch 15/100 (210.7s)
  Train Loss: 119.6087 (count=3.9313, shape=0.3771, zero=0.6484, fhd=0.0000, vcr=194.3381, emd=0.0000, peak alignment=0.0000)
  Val Loss:   136.1244 (count=3.8525, shape=0.3722, zero=0.6806, fhd=0.0000, vcr=194.3381, emd=0.0000, peak alignment=0.0000)
  Val Metrics: Corr=0.3253, R²=-0.1180, RMSE=28.22, ZeroAcc=58.55%m
  ★ New best model!

Epoch 16/100 (210.8s)
  Train Loss: 118.6737 (count=3.9252, shape=0.3753, zero=0.6448, fhd=0.0000, vcr=192.7913, emd=0.0000, peak alignment=0.0000)
  Val Loss:   138.4775 (count=3.8584, shape=0.3664, zero=0.5758, fhd=0.0000, vcr=192.7913, emd=0.0000, peak alignment=0.0000)
  Val Metrics: Corr=0.3363, R²=-0.1177, RMSE=28.22, ZeroAcc=67.23%m
  ★ New best model!

Epoch 17/100 (210.6s)
  Train Loss: 117.8636 (count=3.9199, shape=0.3741, zero=0.6415, fhd=0.0000, vcr=191.4506, emd=0.0000, peak alignment=0.0000)
  Val Loss:   133.4394 (count=3.8380, shape=0.3661, zero=0.6390, fhd=0.0000, vcr=191.4506, emd=0.0000, peak alignment=0.0000)
  Val Metrics: Corr=0.3362, R²=-0.1175, RMSE=28.22, ZeroAcc=59.64%m

Epoch 18/100 (210.5s)
  Train Loss: 116.5502 (count=3.9155, shape=0.3729, zero=0.6304, fhd=0.0000, vcr=189.2739, emd=0.0000, peak alignment=0.0000)
  Val Loss:   137.1376 (count=3.8654, shape=0.3631, zero=0.5804, fhd=0.0000, vcr=189.2739, emd=0.0000, peak alignment=0.0000)
  Val Metrics: Corr=0.3453, R²=-0.1166, RMSE=28.21, ZeroAcc=66.30%m
  ★ New best model!

Epoch 19/100 (210.5s)
  Train Loss: 115.7327 (count=3.9176, shape=0.3701, zero=0.6167, fhd=0.0000, vcr=187.9216, emd=0.0000, peak alignment=0.0000)
  Val Loss:   135.6774 (count=3.8325, shape=0.3657, zero=0.6221, fhd=0.0000, vcr=187.9216, emd=0.0000, peak alignment=0.0000)
  Val Metrics: Corr=0.3351, R²=-0.1149, RMSE=28.19, ZeroAcc=63.81%m

Epoch 20/100 (210.6s)
  Train Loss: 114.8207 (count=3.9125, shape=0.3692, zero=0.6062, fhd=0.0000, vcr=186.4137, emd=0.0000, peak alignment=0.0000)
  Val Loss:   139.2877 (count=3.8614, shape=0.3653, zero=0.5890, fhd=0.0000, vcr=186.4137, emd=0.0000, peak alignment=0.0000)
  Val Metrics: Corr=0.3410, R²=-0.1174, RMSE=28.22, ZeroAcc=65.42%m

Epoch 21/100 (210.6s)
  Train Loss: 114.2037 (count=3.9106, shape=0.3684, zero=0.6043, fhd=0.0000, vcr=185.3899, emd=0.0000, peak alignment=0.0000)
  Val Loss:   136.5645 (count=3.8415, shape=0.3602, zero=0.5705, fhd=0.0000, vcr=185.3899, emd=0.0000, peak alignment=0.0000)
  Val Metrics: Corr=0.3496, R²=-0.1110, RMSE=28.14, ZeroAcc=66.56%m
  ★ New best model!

Epoch 22/100 (210.3s)
  Train Loss: 113.4220 (count=3.9087, shape=0.3655, zero=0.6014, fhd=0.0000, vcr=184.0964, emd=0.0000, peak alignment=0.0000)
  Val Loss:   135.9370 (count=3.8638, shape=0.3631, zero=0.5602, fhd=0.0000, vcr=184.0964, emd=0.0000, peak alignment=0.0000)
  Val Metrics: Corr=0.3468, R²=-0.1162, RMSE=28.20, ZeroAcc=67.31%m

Epoch 23/100 (210.5s)
  Train Loss: 112.9926 (count=3.9172, shape=0.3659, zero=0.5935, fhd=0.0000, vcr=183.3752, emd=0.0000, peak alignment=0.0000)
  Val Loss:   134.7496 (count=3.8466, shape=0.3621, zero=0.5732, fhd=0.0000, vcr=183.3752, emd=0.0000, peak alignment=0.0000)
  Val Metrics: Corr=0.3460, R²=-0.1129, RMSE=28.16, ZeroAcc=66.46%m

Epoch 24/100 (210.4s)
  Train Loss: 112.7323 (count=3.9128, shape=0.3647, zero=0.5943, fhd=0.0000, vcr=182.9477, emd=0.0000, peak alignment=0.0000)
  Val Loss:   137.2878 (count=3.8640, shape=0.3620, zero=0.5573, fhd=0.0000, vcr=182.9477, emd=0.0000, peak alignment=0.0000)
  Val Metrics: Corr=0.3479, R²=-0.1143, RMSE=28.18, ZeroAcc=67.72%m

Epoch 25/100 (211.0s)
  Train Loss: 112.3593 (count=3.9152, shape=0.3646, zero=0.5892, fhd=0.0000, vcr=182.3264, emd=0.0000, peak alignment=0.0000)
  Val Loss:   138.6155 (count=3.8695, shape=0.3605, zero=0.5531, fhd=0.0000, vcr=182.3264, emd=0.0000, peak alignment=0.0000)
  Val Metrics: Corr=0.3498, R²=-0.1144, RMSE=28.18, ZeroAcc=68.35%m
  ★ New best model!

Epoch 26/100 (210.5s)
  Train Loss: 125.5499 (count=3.8872, shape=0.3746, zero=0.6623, fhd=0.0000, vcr=204.2822, emd=0.0000, peak alignment=0.0000)
  Val Loss:   144.0630 (count=3.8722, shape=0.3852, zero=0.6106, fhd=0.0000, vcr=204.2822, emd=0.0000, peak alignment=0.0000)
  Val Metrics: Corr=0.3103, R²=-0.1230, RMSE=28.29, ZeroAcc=65.61%m

Epoch 27/100 (210.8s)
  Train Loss: 124.5908 (count=3.8786, shape=0.3753, zero=0.6703, fhd=0.0000, vcr=202.6871, emd=0.0000, peak alignment=0.0000)
  Val Loss:   143.1367 (count=3.8711, shape=0.3657, zero=0.5885, fhd=0.0000, vcr=202.6871, emd=0.0000, peak alignment=0.0000)
  Val Metrics: Corr=0.3417, R²=-0.1271, RMSE=28.34, ZeroAcc=67.86%m

Epoch 28/100 (213.4s)
  Train Loss: 124.3592 (count=3.8808, shape=0.3715, zero=0.6438, fhd=0.0000, vcr=202.3197, emd=0.0000, peak alignment=0.0000)
  Val Loss:   141.3298 (count=3.8434, shape=0.3770, zero=0.5960, fhd=0.0000, vcr=202.3197, emd=0.0000, peak alignment=0.0000)
  Val Metrics: Corr=0.3186, R²=-0.1219, RMSE=28.27, ZeroAcc=67.71%m

Epoch 29/100 (210.7s)
  Train Loss: 123.6556 (count=3.8854, shape=0.3714, zero=0.6219, fhd=0.0000, vcr=201.1535, emd=0.0000, peak alignment=0.0000)
  Val Loss:   139.7301 (count=3.8380, shape=0.3781, zero=0.6084, fhd=0.0000, vcr=201.1535, emd=0.0000, peak alignment=0.0000)
  Val Metrics: Corr=0.3116, R²=-0.1281, RMSE=28.35, ZeroAcc=66.69%m

Epoch 30/100 (210.7s)
  Train Loss: 123.2098 (count=3.8758, shape=0.3728, zero=0.6258, fhd=0.0000, vcr=200.4154, emd=0.0000, peak alignment=0.0000)
  Val Loss:   141.2944 (count=3.8328, shape=0.3665, zero=0.6159, fhd=0.0000, vcr=200.4154, emd=0.0000, peak alignment=0.0000)
  Val Metrics: Corr=0.3206, R²=-0.1335, RMSE=28.42, ZeroAcc=61.64%m

Epoch 31/100 (215.5s)
  Train Loss: 122.9076 (count=3.8666, shape=0.3685, zero=0.6222, fhd=0.0000, vcr=199.9311, emd=0.0000, peak alignment=0.0000)
  Val Loss:   141.0194 (count=3.7944, shape=0.3539, zero=0.5576, fhd=0.0000, vcr=199.9311, emd=0.0000, peak alignment=0.0000)
  Val Metrics: Corr=0.3416, R²=-0.1167, RMSE=28.21, ZeroAcc=66.82%m

Epoch 32/100 (210.5s)
  Train Loss: 121.6636 (count=3.8694, shape=0.3628, zero=0.6085, fhd=0.0000, vcr=197.8733, emd=0.0000, peak alignment=0.0000)
  Val Loss:   138.1534 (count=3.8408, shape=0.3598, zero=0.5706, fhd=0.0000, vcr=197.8733, emd=0.0000, peak alignment=0.0000)
  Val Metrics: Corr=0.3359, R²=-0.1294, RMSE=28.37, ZeroAcc=66.04%m

Epoch 33/100 (216.4s)
  Train Loss: 120.9428 (count=3.8694, shape=0.3602, zero=0.6045, fhd=0.0000, vcr=196.6793, emd=0.0000, peak alignment=0.0000)
  Val Loss:   138.6521 (count=3.8090, shape=0.3488, zero=0.5830, fhd=0.0000, vcr=196.6793, emd=0.0000, peak alignment=0.0000)
  Val Metrics: Corr=0.3562, R²=-0.1138, RMSE=28.17, ZeroAcc=65.88%m
  ★ New best model!

Epoch 34/100 (216.1s)
  Train Loss: 121.0653 (count=3.8548, shape=0.3566, zero=0.5882, fhd=0.0000, vcr=196.9133, emd=0.0000, peak alignment=0.0000)
  Val Loss:   133.2495 (count=3.8294, shape=0.3487, zero=0.5294, fhd=0.0000, vcr=196.9133, emd=0.0000, peak alignment=0.0000)
  Val Metrics: Corr=0.3567, R²=-0.1209, RMSE=28.26, ZeroAcc=66.88%m
  ★ New best model!

Epoch 35/100 (210.4s)
  Train Loss: 120.3628 (count=3.8556, shape=0.3544, zero=0.5693, fhd=0.0000, vcr=195.7557, emd=0.0000, peak alignment=0.0000)
  Val Loss:   138.7654 (count=3.7231, shape=0.3318, zero=0.5615, fhd=0.0000, vcr=195.7557, emd=0.0000, peak alignment=0.0000)
  Val Metrics: Corr=0.3748, R²=-0.1019, RMSE=28.02, ZeroAcc=65.21%m
  ★ New best model!

Epoch 36/100 (209.9s)
  Train Loss: 120.1762 (count=3.8260, shape=0.3463, zero=0.5879, fhd=0.0000, vcr=195.4811, emd=0.0000, peak alignment=0.0000)
  Val Loss:   134.9180 (count=3.8019, shape=0.3532, zero=0.5791, fhd=0.0000, vcr=195.4811, emd=0.0000, peak alignment=0.0000)
  Val Metrics: Corr=0.3500, R²=-0.1174, RMSE=28.22, ZeroAcc=65.21%m

Epoch 37/100 (209.8s)
  Train Loss: 118.8774 (count=3.8314, shape=0.3465, zero=0.5953, fhd=0.0000, vcr=193.3070, emd=0.0000, peak alignment=0.0000)
  Val Loss:   134.3425 (count=3.7838, shape=0.3412, zero=0.5498, fhd=0.0000, vcr=193.3070, emd=0.0000, peak alignment=0.0000)
  Val Metrics: Corr=0.3624, R²=-0.1189, RMSE=28.24, ZeroAcc=65.14%m

Epoch 38/100 (209.5s)
  Train Loss: 118.1222 (count=3.8362, shape=0.3461, zero=0.5667, fhd=0.0000, vcr=192.0586, emd=0.0000, peak alignment=0.0000)
  Val Loss:   132.3904 (count=3.7962, shape=0.3373, zero=0.5614, fhd=0.0000, vcr=192.0586, emd=0.0000, peak alignment=0.0000)
  Val Metrics: Corr=0.3769, R²=-0.1090, RMSE=28.11, ZeroAcc=69.36%m
  ★ New best model!

Epoch 39/100 (209.6s)
  Train Loss: 118.3928 (count=3.8278, shape=0.3394, zero=0.5626, fhd=0.0000, vcr=192.5333, emd=0.0000, peak alignment=0.0000)
  Val Loss:   134.5577 (count=3.7989, shape=0.3274, zero=0.5968, fhd=0.0000, vcr=192.5333, emd=0.0000, peak alignment=0.0000)
  Val Metrics: Corr=0.3907, R²=-0.1093, RMSE=28.11, ZeroAcc=63.47%m
  ★ New best model!

Epoch 40/100 (209.8s)
  Train Loss: 117.1627 (count=3.8285, shape=0.3402, zero=0.5539, fhd=0.0000, vcr=190.4854, emd=0.0000, peak alignment=0.0000)
  Val Loss:   132.0892 (count=3.7910, shape=0.3393, zero=0.4902, fhd=0.0000, vcr=190.4854, emd=0.0000, peak alignment=0.0000)
  Val Metrics: Corr=0.3666, R²=-0.1165, RMSE=28.21, ZeroAcc=73.76%m

Epoch 41/100 (209.7s)
  Train Loss: 116.2140 (count=3.8406, shape=0.3456, zero=0.5366, fhd=0.0000, vcr=188.8900, emd=0.0000, peak alignment=0.0000)
  Val Loss:   138.2723 (count=3.7825, shape=0.3312, zero=0.5837, fhd=0.0000, vcr=188.8900, emd=0.0000, peak alignment=0.0000)
  Val Metrics: Corr=0.3848, R²=-0.1083, RMSE=28.10, ZeroAcc=64.32%m

Epoch 42/100 (212.3s)
  Train Loss: 115.9636 (count=3.8253, shape=0.3382, zero=0.5429, fhd=0.0000, vcr=188.4995, emd=0.0000, peak alignment=0.0000)
  Val Loss:   135.4308 (count=3.7659, shape=0.3272, zero=0.5119, fhd=0.0000, vcr=188.4995, emd=0.0000, peak alignment=0.0000)
  Val Metrics: Corr=0.3848, R²=-0.1038, RMSE=28.04, ZeroAcc=71.23%m

Epoch 43/100 (209.6s)
  Train Loss: 115.5149 (count=3.8307, shape=0.3398, zero=0.5452, fhd=0.0000, vcr=187.7419, emd=0.0000, peak alignment=0.0000)
  Val Loss:   132.6073 (count=3.8297, shape=0.3444, zero=0.5292, fhd=0.0000, vcr=187.7419, emd=0.0000, peak alignment=0.0000)
  Val Metrics: Corr=0.3664, R²=-0.1197, RMSE=28.25, ZeroAcc=70.25%m

Epoch 44/100 (209.4s)
  Train Loss: 114.8004 (count=3.8293, shape=0.3368, zero=0.5359, fhd=0.0000, vcr=186.5631, emd=0.0000, peak alignment=0.0000)
  Val Loss:   136.1775 (count=3.8574, shape=0.3399, zero=0.4667, fhd=0.0000, vcr=186.5631, emd=0.0000, peak alignment=0.0000)
  Val Metrics: Corr=0.3763, R²=-0.1163, RMSE=28.20, ZeroAcc=72.32%m

Epoch 45/100 (211.0s)
  Train Loss: 114.5121 (count=3.8322, shape=0.3346, zero=0.5277, fhd=0.0000, vcr=186.0882, emd=0.0000, peak alignment=0.0000)
  Val Loss:   135.1944 (count=3.7713, shape=0.3224, zero=0.5226, fhd=0.0000, vcr=186.0882, emd=0.0000, peak alignment=0.0000)
  Val Metrics: Corr=0.3942, R²=-0.1013, RMSE=28.01, ZeroAcc=70.09%m
  ★ New best model!

Epoch 46/100 (211.2s)
  Train Loss: 113.4538 (count=3.8193, shape=0.3350, zero=0.5375, fhd=0.0000, vcr=184.3316, emd=0.0000, peak alignment=0.0000)
  Val Loss:   137.3426 (count=3.7933, shape=0.3463, zero=0.4797, fhd=0.0000, vcr=184.3316, emd=0.0000, peak alignment=0.0000)
  Val Metrics: Corr=0.3620, R²=-0.1121, RMSE=28.15, ZeroAcc=72.59%m

Epoch 47/100 (209.8s)
  Train Loss: 112.9457 (count=3.8202, shape=0.3373, zero=0.5244, fhd=0.0000, vcr=183.4858, emd=0.0000, peak alignment=0.0000)
  Val Loss:   131.9843 (count=3.7768, shape=0.3329, zero=0.5161, fhd=0.0000, vcr=183.4858, emd=0.0000, peak alignment=0.0000)
  Val Metrics: Corr=0.3796, R²=-0.1062, RMSE=28.07, ZeroAcc=73.17%m

Epoch 48/100 (214.1s)
  Train Loss: 112.0246 (count=3.8196, shape=0.3311, zero=0.5180, fhd=0.0000, vcr=181.9669, emd=0.0000, peak alignment=0.0000)
  Val Loss:   132.1351 (count=3.7890, shape=0.3349, zero=0.5057, fhd=0.0000, vcr=181.9669, emd=0.0000, peak alignment=0.0000)
  Val Metrics: Corr=0.3737, R²=-0.1151, RMSE=28.19, ZeroAcc=69.58%m

Epoch 49/100 (209.6s)
  Train Loss: 111.6600 (count=3.8222, shape=0.3329, zero=0.5176, fhd=0.0000, vcr=181.3531, emd=0.0000, peak alignment=0.0000)
  Val Loss:   135.8016 (count=3.7762, shape=0.3268, zero=0.4739, fhd=0.0000, vcr=181.3531, emd=0.0000, peak alignment=0.0000)
  Val Metrics: Corr=0.3893, R²=-0.1015, RMSE=28.02, ZeroAcc=75.41%m

Epoch 50/100 (209.7s)
  Train Loss: 110.6038 (count=3.8202, shape=0.3316, zero=0.5115, fhd=0.0000, vcr=179.6005, emd=0.0000, peak alignment=0.0000)
  Val Loss:   138.3272 (count=3.7999, shape=0.3274, zero=0.4431, fhd=0.0000, vcr=179.6005, emd=0.0000, peak alignment=0.0000)
  Val Metrics: Corr=0.3889, R²=-0.1028, RMSE=28.03, ZeroAcc=76.84%m

Epoch 51/100 (209.9s)
  Train Loss: 109.9093 (count=3.8172, shape=0.3310, zero=0.5118, fhd=0.0000, vcr=178.4470, emd=0.0000, peak alignment=0.0000)
  Val Loss:   137.0977 (count=3.7707, shape=0.3157, zero=0.5179, fhd=0.0000, vcr=178.4470, emd=0.0000, peak alignment=0.0000)
  Val Metrics: Corr=0.4060, R²=-0.0961, RMSE=27.95, ZeroAcc=70.81%m
  ★ New best model!

Epoch 52/100 (210.8s)
  Train Loss: 109.5094 (count=3.8113, shape=0.3236, zero=0.5061, fhd=0.0000, vcr=177.8041, emd=0.0000, peak alignment=0.0000)
  Val Loss:   134.7258 (count=3.7800, shape=0.3222, zero=0.4600, fhd=0.0000, vcr=177.8041, emd=0.0000, peak alignment=0.0000)
  Val Metrics: Corr=0.3989, R²=-0.0989, RMSE=27.98, ZeroAcc=74.45%m

Epoch 53/100 (211.1s)
  Train Loss: 108.2037 (count=3.8100, shape=0.3242, zero=0.5025, fhd=0.0000, vcr=175.6297, emd=0.0000, peak alignment=0.0000)
  Val Loss:   135.6547 (count=3.7784, shape=0.3241, zero=0.4985, fhd=0.0000, vcr=175.6297, emd=0.0000, peak alignment=0.0000)
  Val Metrics: Corr=0.3954, R²=-0.1039, RMSE=28.05, ZeroAcc=72.68%m

Epoch 54/100 (211.9s)
  Train Loss: 107.8272 (count=3.8087, shape=0.3240, zero=0.5011, fhd=0.0000, vcr=175.0047, emd=0.0000, peak alignment=0.0000)
  Val Loss:   136.1179 (count=3.7476, shape=0.3159, zero=0.4788, fhd=0.0000, vcr=175.0047, emd=0.0000, peak alignment=0.0000)
  Val Metrics: Corr=0.4063, R²=-0.0920, RMSE=27.89, ZeroAcc=74.03%m
  ★ New best model!

Epoch 55/100 (212.0s)
  Train Loss: 107.4204 (count=3.8100, shape=0.3228, zero=0.5083, fhd=0.0000, vcr=174.3243, emd=0.0000, peak alignment=0.0000)
  Val Loss:   131.5353 (count=3.7335, shape=0.3153, zero=0.5055, fhd=0.0000, vcr=174.3243, emd=0.0000, peak alignment=0.0000)
  Val Metrics: Corr=0.4081, R²=-0.0902, RMSE=27.87, ZeroAcc=71.65%m
  ★ New best model!

Epoch 56/100 (209.7s)
  Train Loss: 106.7052 (count=3.8009, shape=0.3213, zero=0.4975, fhd=0.0000, vcr=173.1497, emd=0.0000, peak alignment=0.0000)
  Val Loss:   134.4793 (count=3.7820, shape=0.3128, zero=0.4579, fhd=0.0000, vcr=173.1497, emd=0.0000, peak alignment=0.0000)
  Val Metrics: Corr=0.4159, R²=-0.0982, RMSE=27.97, ZeroAcc=74.75%m
  ★ New best model!

Epoch 57/100 (209.8s)
  Train Loss: 105.7142 (count=3.8110, shape=0.3194, zero=0.4904, fhd=0.0000, vcr=171.4954, emd=0.0000, peak alignment=0.0000)
  Val Loss:   134.0297 (count=3.7631, shape=0.3207, zero=0.4897, fhd=0.0000, vcr=171.4954, emd=0.0000, peak alignment=0.0000)
  Val Metrics: Corr=0.4026, R²=-0.0945, RMSE=27.93, ZeroAcc=74.23%m

Epoch 58/100 (209.5s)
  Train Loss: 105.2617 (count=3.8136, shape=0.3206, zero=0.4911, fhd=0.0000, vcr=170.7358, emd=0.0000, peak alignment=0.0000)
  Val Loss:   135.1600 (count=3.7780, shape=0.3177, zero=0.4940, fhd=0.0000, vcr=170.7358, emd=0.0000, peak alignment=0.0000)
  Val Metrics: Corr=0.4101, R²=-0.0942, RMSE=27.92, ZeroAcc=71.94%m

Epoch 59/100 (210.8s)
  Train Loss: 104.6185 (count=3.8116, shape=0.3203, zero=0.4972, fhd=0.0000, vcr=169.6634, emd=0.0000, peak alignment=0.0000)
  Val Loss:   139.9247 (count=3.7689, shape=0.3100, zero=0.4663, fhd=0.0000, vcr=169.6634, emd=0.0000, peak alignment=0.0000)
  Val Metrics: Corr=0.4199, R²=-0.0909, RMSE=27.88, ZeroAcc=74.59%m
  ★ New best model!

Epoch 60/100 (211.1s)
  Train Loss: 103.6161 (count=3.8086, shape=0.3175, zero=0.4941, fhd=0.0000, vcr=168.0027, emd=0.0000, peak alignment=0.0000)
  Val Loss:   139.6941 (count=3.7844, shape=0.3063, zero=0.4554, fhd=0.0000, vcr=168.0027, emd=0.0000, peak alignment=0.0000)
  Val Metrics: Corr=0.4244, R²=-0.0921, RMSE=27.90, ZeroAcc=75.30%m
  ★ New best model!

Epoch 61/100 (209.9s)
  Train Loss: 102.9879 (count=3.8121, shape=0.3180, zero=0.4873, fhd=0.0000, vcr=166.9549, emd=0.0000, peak alignment=0.0000)
  Val Loss:   136.2889 (count=3.7750, shape=0.3163, zero=0.4449, fhd=0.0000, vcr=166.9549, emd=0.0000, peak alignment=0.0000)
  Val Metrics: Corr=0.4087, R²=-0.0926, RMSE=27.90, ZeroAcc=77.22%m

Epoch 62/100 (214.6s)
  Train Loss: 102.1340 (count=3.8160, shape=0.3177, zero=0.4753, fhd=0.0000, vcr=165.5341, emd=0.0000, peak alignment=0.0000)
  Val Loss:   136.5311 (count=3.7663, shape=0.3103, zero=0.4735, fhd=0.0000, vcr=165.5341, emd=0.0000, peak alignment=0.0000)
  Val Metrics: Corr=0.4183, R²=-0.0928, RMSE=27.90, ZeroAcc=73.40%m

Epoch 63/100 (209.4s)
  Train Loss: 101.4834 (count=3.8096, shape=0.3175, zero=0.4842, fhd=0.0000, vcr=164.4523, emd=0.0000, peak alignment=0.0000)
  Val Loss:   135.7550 (count=3.7779, shape=0.3098, zero=0.4869, fhd=0.0000, vcr=164.4523, emd=0.0000, peak alignment=0.0000)
  Val Metrics: Corr=0.4193, R²=-0.0934, RMSE=27.91, ZeroAcc=73.64%m

Epoch 64/100 (209.5s)
  Train Loss: 100.7415 (count=3.8117, shape=0.3161, zero=0.4855, fhd=0.0000, vcr=163.2158, emd=0.0000, peak alignment=0.0000)
  Val Loss:   138.9979 (count=3.7847, shape=0.3119, zero=0.4676, fhd=0.0000, vcr=163.2158, emd=0.0000, peak alignment=0.0000)
  Val Metrics: Corr=0.4186, R²=-0.0928, RMSE=27.90, ZeroAcc=75.12%m

Epoch 65/100 (209.6s)
  Train Loss: 100.3660 (count=3.8102, shape=0.3166, zero=0.4820, fhd=0.0000, vcr=162.5923, emd=0.0000, peak alignment=0.0000)
  Val Loss:   138.8716 (count=3.7695, shape=0.3093, zero=0.4739, fhd=0.0000, vcr=162.5923, emd=0.0000, peak alignment=0.0000)
  Val Metrics: Corr=0.4211, R²=-0.0888, RMSE=27.85, ZeroAcc=75.49%m

Epoch 66/100 (211.2s)
  Train Loss: 100.1810 (count=3.8109, shape=0.3151, zero=0.4801, fhd=0.0000, vcr=162.2873, emd=0.0000, peak alignment=0.0000)
  Val Loss:   139.4570 (count=3.7779, shape=0.3086, zero=0.4665, fhd=0.0000, vcr=162.2873, emd=0.0000, peak alignment=0.0000)
  Val Metrics: Corr=0.4217, R²=-0.0884, RMSE=27.85, ZeroAcc=76.10%m

Epoch 67/100 (209.5s)
  Train Loss: 99.3181 (count=3.8111, shape=0.3153, zero=0.4806, fhd=0.0000, vcr=160.8482, emd=0.0000, peak alignment=0.0000)
  Val Loss:   139.6203 (count=3.7940, shape=0.3153, zero=0.4525, fhd=0.0000, vcr=160.8482, emd=0.0000, peak alignment=0.0000)
  Val Metrics: Corr=0.4146, R²=-0.0936, RMSE=27.91, ZeroAcc=76.01%m

Epoch 68/100 (211.6s)
  Train Loss: 99.2220 (count=3.8108, shape=0.3166, zero=0.4783, fhd=0.0000, vcr=160.6870, emd=0.0000, peak alignment=0.0000)
  Val Loss:   139.5703 (count=3.7794, shape=0.3101, zero=0.4688, fhd=0.0000, vcr=160.6870, emd=0.0000, peak alignment=0.0000)
  Val Metrics: Corr=0.4203, R²=-0.0896, RMSE=27.86, ZeroAcc=75.45%m

Epoch 69/100 (209.7s)
  Train Loss: 98.6660 (count=3.8115, shape=0.3150, zero=0.4783, fhd=0.0000, vcr=159.7626, emd=0.0000, peak alignment=0.0000)
  Val Loss:   140.0066 (count=3.7842, shape=0.3072, zero=0.4688, fhd=0.0000, vcr=159.7626, emd=0.0000, peak alignment=0.0000)
  Val Metrics: Corr=0.4244, R²=-0.0898, RMSE=27.87, ZeroAcc=75.51%m

Epoch 70/100 (214.4s)
  Train Loss: 98.1187 (count=3.8149, shape=0.3143, zero=0.4775, fhd=0.0000, vcr=158.8488, emd=0.0000, peak alignment=0.0000)
  Val Loss:   139.8581 (count=3.7897, shape=0.3107, zero=0.4617, fhd=0.0000, vcr=158.8488, emd=0.0000, peak alignment=0.0000)
  Val Metrics: Corr=0.4212, R²=-0.0902, RMSE=27.87, ZeroAcc=75.66%m

Epoch 71/100 (210.8s)
  Train Loss: 97.8462 (count=3.8184, shape=0.3150, zero=0.4769, fhd=0.0000, vcr=158.3901, emd=0.0000, peak alignment=0.0000)
  Val Loss:   139.9764 (count=3.7946, shape=0.3118, zero=0.4614, fhd=0.0000, vcr=158.3901, emd=0.0000, peak alignment=0.0000)
  Val Metrics: Corr=0.4192, R²=-0.0916, RMSE=27.89, ZeroAcc=75.80%m

Epoch 72/100 (211.0s)
  Train Loss: 97.6133 (count=3.8177, shape=0.3150, zero=0.4740, fhd=0.0000, vcr=158.0041, emd=0.0000, peak alignment=0.0000)
  Val Loss:   139.7660 (count=3.7911, shape=0.3104, zero=0.4692, fhd=0.0000, vcr=158.0041, emd=0.0000, peak alignment=0.0000)
  Val Metrics: Corr=0.4215, R²=-0.0918, RMSE=27.89, ZeroAcc=75.04%m

Epoch 73/100 (211.8s)
  Train Loss: 97.5385 (count=3.8181, shape=0.3151, zero=0.4731, fhd=0.0000, vcr=157.8795, emd=0.0000, peak alignment=0.0000)
  Val Loss:   139.3053 (count=3.7850, shape=0.3097, zero=0.4686, fhd=0.0000, vcr=157.8795, emd=0.0000, peak alignment=0.0000)
  Val Metrics: Corr=0.4216, R²=-0.0897, RMSE=27.86, ZeroAcc=75.25%m

Epoch 74/100 (209.5s)
  Train Loss: 97.2589 (count=3.8164, shape=0.3139, zero=0.4744, fhd=0.0000, vcr=157.4167, emd=0.0000, peak alignment=0.0000)
  Val Loss:   140.1230 (count=3.7894, shape=0.3100, zero=0.4653, fhd=0.0000, vcr=157.4167, emd=0.0000, peak alignment=0.0000)
  Val Metrics: Corr=0.4220, R²=-0.0894, RMSE=27.86, ZeroAcc=75.57%m

Epoch 75/100 (215.1s)
  Train Loss: 97.3066 (count=3.8179, shape=0.3142, zero=0.4770, fhd=0.0000, vcr=157.4928, emd=0.0000, peak alignment=0.0000)
  Val Loss:   139.6592 (count=3.7911, shape=0.3098, zero=0.4662, fhd=0.0000, vcr=157.4928, emd=0.0000, peak alignment=0.0000)
  Val Metrics: Corr=0.4222, R²=-0.0903, RMSE=27.87, ZeroAcc=75.49%m

Early stopping after 75 epochs (patience=15)
============================================================
Training Complete!
============================================================
Loaded best model for testing (correlation: {checkpoint['best_val_correlation']:.4f})

============================================================
Test Results
============================================================
  Normalized correlation:     0.5058
  Normalized RMSE:            0.3790
  Correlation:     0.4263
  RMSE:            27.4938
  R²:              -0.0893
  MAE:             12.5485
  Zero Accuracy:   75.23%
============================================================
Training curves saved to checkpoints_small_10_VCRog_noground/training_curves.png

============================================================
Training Complete!
============================================================
Best validation loss: 131.5353
Test RMSE: 27.4938
Test R²: -0.0893
============================================================
Loading data from data
Loaded 101110 waveform pairs
Data splits: train=80888, val=10111, test=10111

============================================================
Correlation between LVIS and AOP waveforms:
============================================================
  Normalized correlation: 0.7262
  Normalized RMSE: 0.1844
  Correlation: 0.5969
  RMSE: 158.9203
  R²: -90.9875
  MAE: 79.2858
============================================================

============================================================
CSC Metrics: LVIS vs Ground Truth ALS
============================================================
VCR correlation: 0.6206
FHD correlation: 0.7362
============================================================

============================================================
CSC Evaluation Results:
============================================================
  VCR Corr: 0.8572
  VCR RMSE: 14.6544
  FHD Corr: 0.8295
  FHD RMSE: 0.2882
============================================================
