Loading data from data
Loaded 101110 waveform pairs
Data splits: train=80888, val=10111, test=10111

============================================================
Training Configuration
============================================================
Device: cuda
Model parameters: 2,050,210
Training samples: 80888
Validation samples: 10111
Batch size: 32
Learning rate: 0.0001
Epochs: 100
============================================================

Epoch 1/100 (208.8s)
  Train Loss: 2.4758 (count=3.3482, shape=0.2450, zero=0.2486, emd=0.0000, peak alignment=0.0000)
  Val Loss:   2.0708 (count=2.9933, shape=0.1627, zero=0.0769, emd=0.0000, peak alignment=0.0000)
  Val Metrics: Corr=0.6124, R²=0.3746, RMSE=21.11, ZeroAcc=97.24%m
  ★ New best model!

Epoch 2/100 (207.9s)
  Train Loss: 2.0887 (count=3.0064, shape=0.1689, zero=0.0786, emd=0.0000, peak alignment=0.0000)
  Val Loss:   2.0133 (count=2.9424, shape=0.1449, zero=0.0763, emd=0.0000, peak alignment=0.0000)
  Val Metrics: Corr=0.6392, R²=0.4080, RMSE=20.54, ZeroAcc=96.92%m
  ★ New best model!

Epoch 3/100 (207.7s)
  Train Loss: 2.0401 (count=2.9666, shape=0.1557, zero=0.0663, emd=0.0000, peak alignment=0.0000)
  Val Loss:   1.9853 (count=2.9223, shape=0.1368, zero=0.0666, emd=0.0000, peak alignment=0.0000)
  Val Metrics: Corr=0.6476, R²=0.4171, RMSE=20.38, ZeroAcc=97.08%m
  ★ New best model!

Epoch 4/100 (207.7s)
  Train Loss: 2.0182 (count=2.9482, shape=0.1497, zero=0.0620, emd=0.0000, peak alignment=0.0000)
  Val Loss:   1.9677 (count=2.9087, shape=0.1336, zero=0.0550, emd=0.0000, peak alignment=0.0000)
  Val Metrics: Corr=0.6533, R²=0.4266, RMSE=20.21, ZeroAcc=97.68%m
  ★ New best model!

Epoch 5/100 (207.9s)
  Train Loss: 2.0054 (count=2.9381, shape=0.1459, zero=0.0593, emd=0.0000, peak alignment=0.0000)
  Val Loss:   1.9634 (count=2.9062, shape=0.1319, zero=0.0546, emd=0.0000, peak alignment=0.0000)
  Val Metrics: Corr=0.6558, R²=0.4299, RMSE=20.15, ZeroAcc=97.87%m
  ★ New best model!

Epoch 6/100 (207.7s)
  Train Loss: 1.9961 (count=2.9304, shape=0.1433, zero=0.0572, emd=0.0000, peak alignment=0.0000)
  Val Loss:   1.9584 (count=2.9012, shape=0.1307, zero=0.0541, emd=0.0000, peak alignment=0.0000)
  Val Metrics: Corr=0.6575, R²=0.4321, RMSE=20.12, ZeroAcc=97.86%m
  ★ New best model!

Epoch 7/100 (207.8s)
  Train Loss: 1.9892 (count=2.9249, shape=0.1413, zero=0.0557, emd=0.0000, peak alignment=0.0000)
  Val Loss:   1.9558 (count=2.9001, shape=0.1297, zero=0.0528, emd=0.0000, peak alignment=0.0000)
  Val Metrics: Corr=0.6570, R²=0.4283, RMSE=20.18, ZeroAcc=97.86%m

Epoch 8/100 (207.7s)
  Train Loss: 1.9848 (count=2.9213, shape=0.1400, zero=0.0548, emd=0.0000, peak alignment=0.0000)
  Val Loss:   1.9493 (count=2.8936, shape=0.1288, zero=0.0496, emd=0.0000, peak alignment=0.0000)
  Val Metrics: Corr=0.6589, R²=0.4330, RMSE=20.10, ZeroAcc=98.04%m
  ★ New best model!

Epoch 9/100 (207.7s)
  Train Loss: 1.9807 (count=2.9180, shape=0.1389, zero=0.0539, emd=0.0000, peak alignment=0.0000)
  Val Loss:   1.9515 (count=2.8991, shape=0.1285, zero=0.0482, emd=0.0000, peak alignment=0.0000)
  Val Metrics: Corr=0.6587, R²=0.4314, RMSE=20.13, ZeroAcc=98.25%m

Epoch 10/100 (208.1s)
  Train Loss: 1.9777 (count=2.9153, shape=0.1382, zero=0.0531, emd=0.0000, peak alignment=0.0000)
  Val Loss:   1.9503 (count=2.8888, shape=0.1280, zero=0.0623, emd=0.0000, peak alignment=0.0000)
  Val Metrics: Corr=0.6602, R²=0.4358, RMSE=20.05, ZeroAcc=97.40%m
  ★ New best model!

Epoch 11/100 (207.9s)
  Train Loss: 1.9753 (count=2.9133, shape=0.1375, zero=0.0526, emd=0.0000, peak alignment=0.0000)
  Val Loss:   1.9475 (count=2.8941, shape=0.1280, zero=0.0477, emd=0.0000, peak alignment=0.0000)
  Val Metrics: Corr=0.6600, R²=0.4327, RMSE=20.10, ZeroAcc=98.18%m

Epoch 12/100 (207.7s)
  Train Loss: 1.9731 (count=2.9114, shape=0.1369, zero=0.0519, emd=0.0000, peak alignment=0.0000)
  Val Loss:   1.9466 (count=2.8860, shape=0.1277, zero=0.0586, emd=0.0000, peak alignment=0.0000)
  Val Metrics: Corr=0.6610, R²=0.4367, RMSE=20.03, ZeroAcc=97.52%m
  ★ New best model!

Epoch 13/100 (207.4s)
  Train Loss: 1.9710 (count=2.9097, shape=0.1364, zero=0.0515, emd=0.0000, peak alignment=0.0000)
  Val Loss:   1.9432 (count=2.8874, shape=0.1272, zero=0.0501, emd=0.0000, peak alignment=0.0000)
  Val Metrics: Corr=0.6619, R²=0.4381, RMSE=20.01, ZeroAcc=98.02%m
  ★ New best model!

Epoch 14/100 (207.3s)
  Train Loss: 1.9695 (count=2.9085, shape=0.1360, zero=0.0511, emd=0.0000, peak alignment=0.0000)
  Val Loss:   1.9423 (count=2.8871, shape=0.1272, zero=0.0481, emd=0.0000, peak alignment=0.0000)
  Val Metrics: Corr=0.6617, R²=0.4372, RMSE=20.02, ZeroAcc=97.99%m

Epoch 15/100 (207.5s)
  Train Loss: 1.9680 (count=2.9068, shape=0.1357, zero=0.0508, emd=0.0000, peak alignment=0.0000)
  Val Loss:   1.9415 (count=2.8837, shape=0.1269, zero=0.0523, emd=0.0000, peak alignment=0.0000)
  Val Metrics: Corr=0.6619, R²=0.4370, RMSE=20.03, ZeroAcc=97.77%m
  ★ New best model!

Epoch 16/100 (207.0s)
  Train Loss: 1.9664 (count=2.9056, shape=0.1354, zero=0.0501, emd=0.0000, peak alignment=0.0000)
  Val Loss:   1.9413 (count=2.8877, shape=0.1267, zero=0.0468, emd=0.0000, peak alignment=0.0000)
  Val Metrics: Corr=0.6622, R²=0.4384, RMSE=20.00, ZeroAcc=98.19%m
  ★ New best model!

Epoch 17/100 (207.2s)
  Train Loss: 1.9652 (count=2.9045, shape=0.1351, zero=0.0498, emd=0.0000, peak alignment=0.0000)
  Val Loss:   1.9405 (count=2.8867, shape=0.1265, zero=0.0466, emd=0.0000, peak alignment=0.0000)
  Val Metrics: Corr=0.6623, R²=0.4379, RMSE=20.01, ZeroAcc=98.14%m
  ★ New best model!

Epoch 18/100 (206.8s)
  Train Loss: 1.9642 (count=2.9034, shape=0.1349, zero=0.0495, emd=0.0000, peak alignment=0.0000)
  Val Loss:   1.9386 (count=2.8830, shape=0.1262, zero=0.0486, emd=0.0000, peak alignment=0.0000)
  Val Metrics: Corr=0.6629, R²=0.4393, RMSE=19.99, ZeroAcc=98.00%m
  ★ New best model!

Epoch 19/100 (206.5s)
  Train Loss: 1.9632 (count=2.9026, shape=0.1347, zero=0.0492, emd=0.0000, peak alignment=0.0000)
  Val Loss:   1.9387 (count=2.8861, shape=0.1264, zero=0.0439, emd=0.0000, peak alignment=0.0000)
  Val Metrics: Corr=0.6627, R²=0.4390, RMSE=19.99, ZeroAcc=98.26%m

Epoch 20/100 (206.7s)
  Train Loss: 1.9624 (count=2.9017, shape=0.1345, zero=0.0490, emd=0.0000, peak alignment=0.0000)
  Val Loss:   1.9391 (count=2.8829, shape=0.1263, zero=0.0499, emd=0.0000, peak alignment=0.0000)
  Val Metrics: Corr=0.6632, R²=0.4396, RMSE=19.98, ZeroAcc=98.02%m
  ★ New best model!

Epoch 21/100 (206.6s)
  Train Loss: 1.9618 (count=2.9012, shape=0.1344, zero=0.0487, emd=0.0000, peak alignment=0.0000)
  Val Loss:   1.9387 (count=2.8829, shape=0.1262, zero=0.0492, emd=0.0000, peak alignment=0.0000)
  Val Metrics: Corr=0.6630, R²=0.4395, RMSE=19.98, ZeroAcc=98.01%m

Epoch 22/100 (206.5s)
  Train Loss: 1.9613 (count=2.9008, shape=0.1342, zero=0.0486, emd=0.0000, peak alignment=0.0000)
  Val Loss:   1.9375 (count=2.8806, shape=0.1260, zero=0.0501, emd=0.0000, peak alignment=0.0000)
  Val Metrics: Corr=0.6631, R²=0.4396, RMSE=19.98, ZeroAcc=97.92%m

Epoch 23/100 (206.6s)
  Train Loss: 1.9608 (count=2.9005, shape=0.1341, zero=0.0484, emd=0.0000, peak alignment=0.0000)
  Val Loss:   1.9380 (count=2.8815, shape=0.1260, zero=0.0503, emd=0.0000, peak alignment=0.0000)
  Val Metrics: Corr=0.6632, R²=0.4396, RMSE=19.98, ZeroAcc=97.91%m
  ★ New best model!

Epoch 24/100 (206.7s)
  Train Loss: 1.9606 (count=2.9004, shape=0.1341, zero=0.0482, emd=0.0000, peak alignment=0.0000)
  Val Loss:   1.9377 (count=2.8814, shape=0.1260, zero=0.0497, emd=0.0000, peak alignment=0.0000)
  Val Metrics: Corr=0.6632, R²=0.4398, RMSE=19.98, ZeroAcc=97.95%m

Epoch 25/100 (206.8s)
  Train Loss: 1.9602 (count=2.8998, shape=0.1340, zero=0.0483, emd=0.0000, peak alignment=0.0000)
  Val Loss:   1.9376 (count=2.8815, shape=0.1259, zero=0.0495, emd=0.0000, peak alignment=0.0000)
  Val Metrics: Corr=0.6633, R²=0.4398, RMSE=19.98, ZeroAcc=97.96%m
  ★ New best model!

Epoch 26/100 (206.4s)
  Train Loss: 1.9697 (count=2.9094, shape=0.1356, zero=0.0517, emd=0.0000, peak alignment=0.0000)
  Val Loss:   1.9423 (count=2.8831, shape=0.1266, zero=0.0562, emd=0.0000, peak alignment=0.0000)
  Val Metrics: Corr=0.6621, R²=0.4375, RMSE=20.02, ZeroAcc=97.45%m

Epoch 27/100 (206.7s)
  Train Loss: 1.9687 (count=2.9084, shape=0.1354, zero=0.0515, emd=0.0000, peak alignment=0.0000)
  Val Loss:   1.9466 (count=2.8882, shape=0.1278, zero=0.0550, emd=0.0000, peak alignment=0.0000)
  Val Metrics: Corr=0.6609, R²=0.4355, RMSE=20.06, ZeroAcc=97.72%m

Epoch 28/100 (206.5s)
  Train Loss: 1.9674 (count=2.9074, shape=0.1350, zero=0.0512, emd=0.0000, peak alignment=0.0000)
  Val Loss:   1.9443 (count=2.8835, shape=0.1267, zero=0.0604, emd=0.0000, peak alignment=0.0000)
  Val Metrics: Corr=0.6613, R²=0.4364, RMSE=20.04, ZeroAcc=97.01%m

Epoch 29/100 (206.5s)
  Train Loss: 1.9663 (count=2.9065, shape=0.1347, zero=0.0507, emd=0.0000, peak alignment=0.0000)
  Val Loss:   1.9427 (count=2.8914, shape=0.1270, zero=0.0435, emd=0.0000, peak alignment=0.0000)
  Val Metrics: Corr=0.6613, R²=0.4370, RMSE=20.03, ZeroAcc=98.34%m

Epoch 30/100 (206.6s)
  Train Loss: 1.9647 (count=2.9052, shape=0.1343, zero=0.0505, emd=0.0000, peak alignment=0.0000)
  Val Loss:   1.9402 (count=2.8869, shape=0.1266, zero=0.0453, emd=0.0000, peak alignment=0.0000)
  Val Metrics: Corr=0.6621, R²=0.4381, RMSE=20.01, ZeroAcc=98.19%m

Epoch 31/100 (206.6s)
  Train Loss: 1.9635 (count=2.9038, shape=0.1341, zero=0.0503, emd=0.0000, peak alignment=0.0000)
  Val Loss:   1.9384 (count=2.8851, shape=0.1260, zero=0.0459, emd=0.0000, peak alignment=0.0000)
  Val Metrics: Corr=0.6628, R²=0.4389, RMSE=19.99, ZeroAcc=97.97%m

Epoch 32/100 (206.6s)
  Train Loss: 1.9627 (count=2.9031, shape=0.1338, zero=0.0502, emd=0.0000, peak alignment=0.0000)
  Val Loss:   1.9408 (count=2.8798, shape=0.1262, zero=0.0589, emd=0.0000, peak alignment=0.0000)
  Val Metrics: Corr=0.6624, R²=0.4388, RMSE=20.00, ZeroAcc=97.05%m

Epoch 33/100 (206.6s)
  Train Loss: 1.9618 (count=2.9024, shape=0.1336, zero=0.0498, emd=0.0000, peak alignment=0.0000)
  Val Loss:   1.9383 (count=2.8827, shape=0.1259, zero=0.0495, emd=0.0000, peak alignment=0.0000)
  Val Metrics: Corr=0.6631, R²=0.4397, RMSE=19.98, ZeroAcc=97.70%m

Epoch 34/100 (206.4s)
  Train Loss: 1.9604 (count=2.9011, shape=0.1333, zero=0.0495, emd=0.0000, peak alignment=0.0000)
  Val Loss:   1.9380 (count=2.8828, shape=0.1261, zero=0.0481, emd=0.0000, peak alignment=0.0000)
  Val Metrics: Corr=0.6631, R²=0.4387, RMSE=20.00, ZeroAcc=97.88%m

Epoch 35/100 (206.6s)
  Train Loss: 1.9597 (count=2.9007, shape=0.1331, zero=0.0491, emd=0.0000, peak alignment=0.0000)
  Val Loss:   1.9377 (count=2.8872, shape=0.1256, zero=0.0423, emd=0.0000, peak alignment=0.0000)
  Val Metrics: Corr=0.6636, R²=0.4380, RMSE=20.01, ZeroAcc=98.18%m
  ★ New best model!

Epoch 36/100 (206.6s)
  Train Loss: 1.9585 (count=2.8995, shape=0.1328, zero=0.0490, emd=0.0000, peak alignment=0.0000)
  Val Loss:   1.9368 (count=2.8812, shape=0.1252, zero=0.0507, emd=0.0000, peak alignment=0.0000)
  Val Metrics: Corr=0.6633, R²=0.4393, RMSE=19.99, ZeroAcc=97.85%m

Epoch 37/100 (206.7s)
  Train Loss: 1.9575 (count=2.8988, shape=0.1325, zero=0.0486, emd=0.0000, peak alignment=0.0000)
  Val Loss:   1.9353 (count=2.8820, shape=0.1254, zero=0.0449, emd=0.0000, peak alignment=0.0000)
  Val Metrics: Corr=0.6637, R²=0.4393, RMSE=19.99, ZeroAcc=98.08%m
  ★ New best model!

Epoch 38/100 (206.6s)
  Train Loss: 1.9571 (count=2.8985, shape=0.1324, zero=0.0482, emd=0.0000, peak alignment=0.0000)
  Val Loss:   1.9379 (count=2.8895, shape=0.1256, zero=0.0394, emd=0.0000, peak alignment=0.0000)
  Val Metrics: Corr=0.6640, R²=0.4391, RMSE=19.99, ZeroAcc=98.50%m
  ★ New best model!

Epoch 39/100 (206.6s)
  Train Loss: 1.9559 (count=2.8973, shape=0.1321, zero=0.0485, emd=0.0000, peak alignment=0.0000)
  Val Loss:   1.9363 (count=2.8797, shape=0.1252, zero=0.0517, emd=0.0000, peak alignment=0.0000)
  Val Metrics: Corr=0.6637, R²=0.4395, RMSE=19.98, ZeroAcc=97.68%m

Epoch 40/100 (206.5s)
  Train Loss: 1.9548 (count=2.8964, shape=0.1319, zero=0.0478, emd=0.0000, peak alignment=0.0000)
  Val Loss:   1.9361 (count=2.8806, shape=0.1252, zero=0.0501, emd=0.0000, peak alignment=0.0000)
  Val Metrics: Corr=0.6640, R²=0.4409, RMSE=19.96, ZeroAcc=97.86%m

Epoch 41/100 (206.5s)
  Train Loss: 1.9542 (count=2.8961, shape=0.1317, zero=0.0475, emd=0.0000, peak alignment=0.0000)
  Val Loss:   1.9317 (count=2.8751, shape=0.1247, zero=0.0489, emd=0.0000, peak alignment=0.0000)
  Val Metrics: Corr=0.6651, R²=0.4423, RMSE=19.93, ZeroAcc=97.87%m
  ★ New best model!

Epoch 42/100 (206.6s)
  Train Loss: 1.9534 (count=2.8953, shape=0.1316, zero=0.0474, emd=0.0000, peak alignment=0.0000)
  Val Loss:   1.9328 (count=2.8829, shape=0.1248, zero=0.0398, emd=0.0000, peak alignment=0.0000)
  Val Metrics: Corr=0.6652, R²=0.4424, RMSE=19.93, ZeroAcc=98.50%m
  ★ New best model!

Epoch 43/100 (206.4s)
  Train Loss: 1.9523 (count=2.8942, shape=0.1313, zero=0.0471, emd=0.0000, peak alignment=0.0000)
  Val Loss:   1.9339 (count=2.8799, shape=0.1246, zero=0.0475, emd=0.0000, peak alignment=0.0000)
  Val Metrics: Corr=0.6653, R²=0.4412, RMSE=19.95, ZeroAcc=98.01%m
  ★ New best model!

Epoch 44/100 (206.6s)
  Train Loss: 1.9518 (count=2.8937, shape=0.1312, zero=0.0469, emd=0.0000, peak alignment=0.0000)
  Val Loss:   1.9330 (count=2.8750, shape=0.1242, zero=0.0542, emd=0.0000, peak alignment=0.0000)
  Val Metrics: Corr=0.6652, R²=0.4425, RMSE=19.93, ZeroAcc=97.41%m

Epoch 45/100 (207.0s)
  Train Loss: 1.9512 (count=2.8935, shape=0.1311, zero=0.0462, emd=0.0000, peak alignment=0.0000)
  Val Loss:   1.9320 (count=2.8830, shape=0.1245, zero=0.0387, emd=0.0000, peak alignment=0.0000)
  Val Metrics: Corr=0.6662, R²=0.4428, RMSE=19.93, ZeroAcc=98.46%m
  ★ New best model!

Epoch 46/100 (206.6s)
  Train Loss: 1.9503 (count=2.8925, shape=0.1308, zero=0.0466, emd=0.0000, peak alignment=0.0000)
  Val Loss:   1.9286 (count=2.8739, shape=0.1240, zero=0.0457, emd=0.0000, peak alignment=0.0000)
  Val Metrics: Corr=0.6661, R²=0.4436, RMSE=19.91, ZeroAcc=98.15%m

Epoch 47/100 (206.8s)
  Train Loss: 1.9497 (count=2.8920, shape=0.1307, zero=0.0462, emd=0.0000, peak alignment=0.0000)
  Val Loss:   1.9298 (count=2.8738, shape=0.1242, zero=0.0479, emd=0.0000, peak alignment=0.0000)
  Val Metrics: Corr=0.6657, R²=0.4428, RMSE=19.92, ZeroAcc=97.92%m

Epoch 48/100 (206.6s)
  Train Loss: 1.9489 (count=2.8912, shape=0.1305, zero=0.0462, emd=0.0000, peak alignment=0.0000)
  Val Loss:   1.9303 (count=2.8779, shape=0.1243, zero=0.0428, emd=0.0000, peak alignment=0.0000)
  Val Metrics: Corr=0.6660, R²=0.4425, RMSE=19.93, ZeroAcc=98.19%m

Epoch 49/100 (206.6s)
  Train Loss: 1.9484 (count=2.8908, shape=0.1304, zero=0.0459, emd=0.0000, peak alignment=0.0000)
  Val Loss:   1.9304 (count=2.8771, shape=0.1238, zero=0.0463, emd=0.0000, peak alignment=0.0000)
  Val Metrics: Corr=0.6663, R²=0.4404, RMSE=19.97, ZeroAcc=98.02%m
  ★ New best model!

Epoch 50/100 (206.7s)
  Train Loss: 1.9477 (count=2.8902, shape=0.1302, zero=0.0455, emd=0.0000, peak alignment=0.0000)
  Val Loss:   1.9305 (count=2.8729, shape=0.1240, zero=0.0518, emd=0.0000, peak alignment=0.0000)
  Val Metrics: Corr=0.6662, R²=0.4432, RMSE=19.92, ZeroAcc=97.77%m

Epoch 51/100 (206.6s)
  Train Loss: 1.9470 (count=2.8895, shape=0.1300, zero=0.0455, emd=0.0000, peak alignment=0.0000)
  Val Loss:   1.9326 (count=2.8867, shape=0.1242, zero=0.0355, emd=0.0000, peak alignment=0.0000)
  Val Metrics: Corr=0.6658, R²=0.4426, RMSE=19.93, ZeroAcc=98.73%m

Epoch 52/100 (206.8s)
  Train Loss: 1.9466 (count=2.8892, shape=0.1299, zero=0.0453, emd=0.0000, peak alignment=0.0000)
  Val Loss:   1.9282 (count=2.8720, shape=0.1236, zero=0.0488, emd=0.0000, peak alignment=0.0000)
  Val Metrics: Corr=0.6671, R²=0.4449, RMSE=19.89, ZeroAcc=97.88%m
  ★ New best model!

Epoch 53/100 (206.7s)
  Train Loss: 1.9459 (count=2.8886, shape=0.1298, zero=0.0451, emd=0.0000, peak alignment=0.0000)
  Val Loss:   1.9274 (count=2.8742, shape=0.1236, zero=0.0437, emd=0.0000, peak alignment=0.0000)
  Val Metrics: Corr=0.6667, R²=0.4438, RMSE=19.91, ZeroAcc=98.17%m

Epoch 54/100 (206.4s)
  Train Loss: 1.9452 (count=2.8879, shape=0.1296, zero=0.0450, emd=0.0000, peak alignment=0.0000)
  Val Loss:   1.9266 (count=2.8747, shape=0.1235, zero=0.0415, emd=0.0000, peak alignment=0.0000)
  Val Metrics: Corr=0.6670, R²=0.4445, RMSE=19.89, ZeroAcc=98.27%m

Epoch 55/100 (206.7s)
  Train Loss: 1.9448 (count=2.8876, shape=0.1296, zero=0.0446, emd=0.0000, peak alignment=0.0000)
  Val Loss:   1.9266 (count=2.8717, shape=0.1233, zero=0.0464, emd=0.0000, peak alignment=0.0000)
  Val Metrics: Corr=0.6676, R²=0.4444, RMSE=19.90, ZeroAcc=98.00%m
  ★ New best model!

Epoch 56/100 (206.5s)
  Train Loss: 1.9443 (count=2.8870, shape=0.1295, zero=0.0447, emd=0.0000, peak alignment=0.0000)
  Val Loss:   1.9272 (count=2.8767, shape=0.1233, zero=0.0406, emd=0.0000, peak alignment=0.0000)
  Val Metrics: Corr=0.6671, R²=0.4447, RMSE=19.89, ZeroAcc=98.40%m

Epoch 57/100 (206.6s)
  Train Loss: 1.9436 (count=2.8863, shape=0.1293, zero=0.0446, emd=0.0000, peak alignment=0.0000)
  Val Loss:   1.9270 (count=2.8764, shape=0.1233, zero=0.0403, emd=0.0000, peak alignment=0.0000)
  Val Metrics: Corr=0.6674, R²=0.4454, RMSE=19.88, ZeroAcc=98.34%m

Epoch 58/100 (206.5s)
  Train Loss: 1.9429 (count=2.8858, shape=0.1292, zero=0.0442, emd=0.0000, peak alignment=0.0000)
  Val Loss:   1.9276 (count=2.8783, shape=0.1233, zero=0.0393, emd=0.0000, peak alignment=0.0000)
  Val Metrics: Corr=0.6672, R²=0.4434, RMSE=19.91, ZeroAcc=98.51%m

Epoch 59/100 (206.6s)
  Train Loss: 1.9424 (count=2.8852, shape=0.1290, zero=0.0442, emd=0.0000, peak alignment=0.0000)
  Val Loss:   1.9262 (count=2.8733, shape=0.1231, zero=0.0440, emd=0.0000, peak alignment=0.0000)
  Val Metrics: Corr=0.6673, R²=0.4450, RMSE=19.89, ZeroAcc=98.14%m

Epoch 60/100 (206.7s)
  Train Loss: 1.9420 (count=2.8848, shape=0.1290, zero=0.0441, emd=0.0000, peak alignment=0.0000)
  Val Loss:   1.9270 (count=2.8742, shape=0.1236, zero=0.0428, emd=0.0000, peak alignment=0.0000)
  Val Metrics: Corr=0.6668, R²=0.4431, RMSE=19.92, ZeroAcc=98.12%m

Epoch 61/100 (206.6s)
  Train Loss: 1.9413 (count=2.8842, shape=0.1288, zero=0.0438, emd=0.0000, peak alignment=0.0000)
  Val Loss:   1.9259 (count=2.8726, shape=0.1232, zero=0.0438, emd=0.0000, peak alignment=0.0000)
  Val Metrics: Corr=0.6675, R²=0.4451, RMSE=19.88, ZeroAcc=98.15%m

Epoch 62/100 (206.6s)
  Train Loss: 1.9411 (count=2.8840, shape=0.1288, zero=0.0438, emd=0.0000, peak alignment=0.0000)
  Val Loss:   1.9269 (count=2.8754, shape=0.1232, zero=0.0421, emd=0.0000, peak alignment=0.0000)
  Val Metrics: Corr=0.6675, R²=0.4446, RMSE=19.89, ZeroAcc=98.33%m

Epoch 63/100 (206.6s)
  Train Loss: 1.9405 (count=2.8832, shape=0.1286, zero=0.0439, emd=0.0000, peak alignment=0.0000)
  Val Loss:   1.9257 (count=2.8751, shape=0.1231, zero=0.0401, emd=0.0000, peak alignment=0.0000)
  Val Metrics: Corr=0.6677, R²=0.4456, RMSE=19.87, ZeroAcc=98.43%m
  ★ New best model!

Epoch 64/100 (206.5s)
  Train Loss: 1.9399 (count=2.8829, shape=0.1285, zero=0.0437, emd=0.0000, peak alignment=0.0000)
  Val Loss:   1.9249 (count=2.8726, shape=0.1229, zero=0.0427, emd=0.0000, peak alignment=0.0000)
  Val Metrics: Corr=0.6681, R²=0.4462, RMSE=19.86, ZeroAcc=98.18%m
  ★ New best model!

Epoch 65/100 (206.8s)
  Train Loss: 1.9397 (count=2.8827, shape=0.1286, zero=0.0431, emd=0.0000, peak alignment=0.0000)
  Val Loss:   1.9246 (count=2.8718, shape=0.1228, zero=0.0435, emd=0.0000, peak alignment=0.0000)
  Val Metrics: Corr=0.6676, R²=0.4456, RMSE=19.87, ZeroAcc=98.13%m

Epoch 66/100 (206.5s)
  Train Loss: 1.9394 (count=2.8822, shape=0.1285, zero=0.0433, emd=0.0000, peak alignment=0.0000)
  Val Loss:   1.9250 (count=2.8748, shape=0.1229, zero=0.0394, emd=0.0000, peak alignment=0.0000)
  Val Metrics: Corr=0.6678, R²=0.4458, RMSE=19.87, ZeroAcc=98.44%m

Epoch 67/100 (206.6s)
  Train Loss: 1.9393 (count=2.8824, shape=0.1284, zero=0.0429, emd=0.0000, peak alignment=0.0000)
  Val Loss:   1.9238 (count=2.8710, shape=0.1225, zero=0.0436, emd=0.0000, peak alignment=0.0000)
  Val Metrics: Corr=0.6681, R²=0.4454, RMSE=19.88, ZeroAcc=98.17%m
  ★ New best model!

Epoch 68/100 (206.6s)
  Train Loss: 1.9390 (count=2.8819, shape=0.1284, zero=0.0432, emd=0.0000, peak alignment=0.0000)
  Val Loss:   1.9256 (count=2.8743, shape=0.1230, zero=0.0413, emd=0.0000, peak alignment=0.0000)
  Val Metrics: Corr=0.6678, R²=0.4459, RMSE=19.87, ZeroAcc=98.34%m

Epoch 69/100 (206.7s)
  Train Loss: 1.9387 (count=2.8817, shape=0.1283, zero=0.0430, emd=0.0000, peak alignment=0.0000)
  Val Loss:   1.9246 (count=2.8737, shape=0.1227, zero=0.0410, emd=0.0000, peak alignment=0.0000)
  Val Metrics: Corr=0.6683, R²=0.4458, RMSE=19.87, ZeroAcc=98.25%m
  ★ New best model!

Epoch 70/100 (206.6s)
  Train Loss: 1.9384 (count=2.8814, shape=0.1282, zero=0.0431, emd=0.0000, peak alignment=0.0000)
  Val Loss:   1.9250 (count=2.8752, shape=0.1227, zero=0.0393, emd=0.0000, peak alignment=0.0000)
  Val Metrics: Corr=0.6679, R²=0.4458, RMSE=19.87, ZeroAcc=98.40%m

Epoch 71/100 (206.7s)
  Train Loss: 1.9382 (count=2.8811, shape=0.1282, zero=0.0429, emd=0.0000, peak alignment=0.0000)
  Val Loss:   1.9242 (count=2.8730, shape=0.1227, zero=0.0410, emd=0.0000, peak alignment=0.0000)
  Val Metrics: Corr=0.6680, R²=0.4457, RMSE=19.87, ZeroAcc=98.28%m

Epoch 72/100 (206.6s)
  Train Loss: 1.9382 (count=2.8811, shape=0.1282, zero=0.0429, emd=0.0000, peak alignment=0.0000)
  Val Loss:   1.9252 (count=2.8749, shape=0.1227, zero=0.0404, emd=0.0000, peak alignment=0.0000)
  Val Metrics: Corr=0.6680, R²=0.4456, RMSE=19.88, ZeroAcc=98.32%m

Epoch 73/100 (206.7s)
  Train Loss: 1.9379 (count=2.8808, shape=0.1282, zero=0.0429, emd=0.0000, peak alignment=0.0000)
  Val Loss:   1.9247 (count=2.8732, shape=0.1227, zero=0.0416, emd=0.0000, peak alignment=0.0000)
  Val Metrics: Corr=0.6680, R²=0.4459, RMSE=19.87, ZeroAcc=98.23%m

Epoch 74/100 (206.7s)
  Train Loss: 1.9380 (count=2.8809, shape=0.1282, zero=0.0429, emd=0.0000, peak alignment=0.0000)
  Val Loss:   1.9251 (count=2.8746, shape=0.1228, zero=0.0402, emd=0.0000, peak alignment=0.0000)
  Val Metrics: Corr=0.6679, R²=0.4459, RMSE=19.87, ZeroAcc=98.35%m

Epoch 75/100 (206.5s)
  Train Loss: 1.9380 (count=2.8811, shape=0.1282, zero=0.0427, emd=0.0000, peak alignment=0.0000)
  Val Loss:   1.9243 (count=2.8727, shape=0.1227, zero=0.0416, emd=0.0000, peak alignment=0.0000)
  Val Metrics: Corr=0.6680, R²=0.4460, RMSE=19.87, ZeroAcc=98.27%m

Epoch 76/100 (206.6s)
  Train Loss: 1.9492 (count=2.8920, shape=0.1302, zero=0.0467, emd=0.0000, peak alignment=0.0000)
  Val Loss:   1.9330 (count=2.8838, shape=0.1245, zero=0.0400, emd=0.0000, peak alignment=0.0000)
  Val Metrics: Corr=0.6659, R²=0.4422, RMSE=19.94, ZeroAcc=98.48%m

Epoch 77/100 (206.6s)
  Train Loss: 1.9495 (count=2.8925, shape=0.1303, zero=0.0466, emd=0.0000, peak alignment=0.0000)
  Val Loss:   1.9309 (count=2.8792, shape=0.1237, zero=0.0445, emd=0.0000, peak alignment=0.0000)
  Val Metrics: Corr=0.6663, R²=0.4435, RMSE=19.91, ZeroAcc=98.06%m

Epoch 78/100 (206.5s)
  Train Loss: 1.9489 (count=2.8919, shape=0.1301, zero=0.0464, emd=0.0000, peak alignment=0.0000)
  Val Loss:   1.9318 (count=2.8810, shape=0.1241, zero=0.0425, emd=0.0000, peak alignment=0.0000)
  Val Metrics: Corr=0.6659, R²=0.4412, RMSE=19.95, ZeroAcc=98.24%m

Epoch 79/100 (206.5s)
  Train Loss: 1.9486 (count=2.8914, shape=0.1301, zero=0.0465, emd=0.0000, peak alignment=0.0000)
  Val Loss:   1.9306 (count=2.8787, shape=0.1239, zero=0.0440, emd=0.0000, peak alignment=0.0000)
  Val Metrics: Corr=0.6668, R²=0.4436, RMSE=19.91, ZeroAcc=98.27%m

Epoch 80/100 (206.6s)
  Train Loss: 1.9481 (count=2.8913, shape=0.1299, zero=0.0460, emd=0.0000, peak alignment=0.0000)
  Val Loss:   1.9280 (count=2.8758, shape=0.1236, zero=0.0425, emd=0.0000, peak alignment=0.0000)
  Val Metrics: Corr=0.6665, R²=0.4441, RMSE=19.90, ZeroAcc=98.12%m

Epoch 81/100 (206.5s)
  Train Loss: 1.9480 (count=2.8911, shape=0.1299, zero=0.0461, emd=0.0000, peak alignment=0.0000)
  Val Loss:   1.9339 (count=2.8847, shape=0.1252, zero=0.0383, emd=0.0000, peak alignment=0.0000)
  Val Metrics: Corr=0.6647, R²=0.4413, RMSE=19.95, ZeroAcc=98.41%m

Epoch 82/100 (206.5s)
  Train Loss: 1.9475 (count=2.8908, shape=0.1297, zero=0.0462, emd=0.0000, peak alignment=0.0000)
  Val Loss:   1.9337 (count=2.8835, shape=0.1241, zero=0.0436, emd=0.0000, peak alignment=0.0000)
  Val Metrics: Corr=0.6651, R²=0.4421, RMSE=19.94, ZeroAcc=98.29%m

Epoch 83/100 (206.4s)
  Train Loss: 1.9470 (count=2.8901, shape=0.1296, zero=0.0461, emd=0.0000, peak alignment=0.0000)
  Val Loss:   1.9296 (count=2.8839, shape=0.1235, zero=0.0352, emd=0.0000, peak alignment=0.0000)
  Val Metrics: Corr=0.6668, R²=0.4424, RMSE=19.93, ZeroAcc=98.55%m

Epoch 84/100 (206.5s)
  Train Loss: 1.9463 (count=2.8897, shape=0.1294, zero=0.0458, emd=0.0000, peak alignment=0.0000)
  Val Loss:   1.9278 (count=2.8777, shape=0.1236, zero=0.0395, emd=0.0000, peak alignment=0.0000)
  Val Metrics: Corr=0.6662, R²=0.4423, RMSE=19.93, ZeroAcc=98.39%m

Early stopping after 84 epochs (patience=15)
============================================================
Training Complete!
============================================================
Loaded best model for testing (correlation: {checkpoint['best_val_correlation']:.4f})

============================================================
Test Results
============================================================
  Normalized correlation:     0.8042
  Normalized RMSE:            0.1805
  Correlation:     0.6658
  RMSE:            19.6588
  MAE:             9.4517
  R²:              0.4431
  Zero Accuracy:   98.25%
============================================================
Training curves saved to checkpoints_small_10_noground/training_curves.png

============================================================
Training Complete!
============================================================
Best validation loss: 1.9238
Test RMSE: 19.6588
Test R²: 0.4431
============================================================
Loading data from data
Loaded 101110 waveform pairs
Data splits: train=80888, val=10111, test=10111

============================================================
Correlation between LVIS and AOP waveforms:
============================================================
  Normalized correlation: 0.7262
  Normalized RMSE: 0.1844
  Correlation: 0.5969
  RMSE: 158.9203
  R²: -90.9875
  MAE: 79.2858
============================================================

============================================================
CSC Metrics: LVIS vs Ground Truth ALS
============================================================
VCR correlation: 0.6206
FHD correlation: 0.7362
============================================================

============================================================
CSC Evaluation Results:
============================================================
  VCR Corr: 0.8389
  VCR RMSE: 15.5790
  FHD Corr: 0.8988
  FHD RMSE: 0.1992
============================================================
